d:\dev\momo\main\code\momoandroid\momoandroid\momoandroid.nativeactivity\arm\debug\program.o
d:\dev\momo\main\code\momoandroid\momoandroid\momoandroid.nativeactivity\arm\debug\testview.o
d:\dev\momo\main\code\momoandroid\momoandroid\momoandroid.nativeactivity\arm\debug\mushroomcallback.o
d:\dev\momo\main\code\momoandroid\momoandroid\momoandroid.nativeactivity\arm\debug\character.o
d:\dev\momo\main\code\momoandroid\momoandroid\momoandroid.nativeactivity\arm\debug\pch.h.gch
d:\dev\momo\main\code\momoandroid\momoandroid\momoandroid.nativeactivity\arm\debug\game.o
d:\dev\momo\main\code\momoandroid\momoandroid\momoandroid.nativeactivity\arm\debug\tests.o
d:\dev\momo\main\code\momoandroid\momoandroid\momoandroid.nativeactivity\arm\debug\applicationtimer.o
d:\dev\momo\main\code\momoandroid\momoandroid\momoandroid.nativeactivity\arm\debug\assertbreak.o
d:\dev\momo\main\code\momoandroid\momoandroid\momoandroid.nativeactivity\arm\debug\gamebase.o
d:\dev\momo\main\code\momoandroid\momoandroid\momoandroid.nativeactivity\arm\debug\gametime.o
d:\dev\momo\main\code\momoandroid\momoandroid\momoandroid.nativeactivity\arm\debug\linebatch.o
d:\dev\momo\main\code\momoandroid\momoandroid\momoandroid.nativeactivity\arm\debug\spritebatch.o
d:\dev\momo\main\code\momoandroid\momoandroid\momoandroid.nativeactivity\arm\debug\targa.o
d:\dev\momo\main\code\momoandroid\momoandroid\momoandroid.nativeactivity\arm\debug\texture.o
d:\dev\momo\main\code\momoandroid\momoandroid\momoandroid.nativeactivity\arm\debug\idstring.o
d:\dev\momo\main\code\momoandroid\momoandroid\momoandroid.nativeactivity\arm\debug\inputqueue.o
d:\dev\momo\main\code\momoandroid\momoandroid\momoandroid.nativeactivity\arm\debug\touchhandler.android.o
d:\dev\momo\main\code\momoandroid\momoandroid\momoandroid.nativeactivity\arm\debug\file.android.o
d:\dev\momo\main\code\momoandroid\momoandroid\momoandroid.nativeactivity\arm\debug\file.win32.o
d:\dev\momo\main\code\momoandroid\momoandroid\momoandroid.nativeactivity\arm\debug\fileinmemory.o
d:\dev\momo\main\code\momoandroid\momoandroid\momoandroid.nativeactivity\arm\debug\logger.o
d:\dev\momo\main\code\momoandroid\momoandroid\momoandroid.nativeactivity\arm\debug\defaultheap.o
d:\dev\momo\main\code\momoandroid\momoandroid\momoandroid.nativeactivity\arm\debug\memorytests.o
d:\dev\momo\main\code\momoandroid\momoandroid\momoandroid.nativeactivity\arm\debug\stackheap.o
d:\dev\momo\main\code\momoandroid\momoandroid\momoandroid.nativeactivity\arm\debug\font.o
d:\dev\momo\main\code\momoandroid\momoandroid\momoandroid.nativeactivity\arm\debug\fontloader.o
d:\dev\momo\main\code\momoandroid\momoandroid\momoandroid.nativeactivity\arm\debug\textwrapper.o
d:\dev\momo\main\code\momoandroid\momoandroid\momoandroid.nativeactivity\arm\debug\buttonview.o
d:\dev\momo\main\code\momoandroid\momoandroid\momoandroid.nativeactivity\arm\debug\imagedrawable.o
d:\dev\momo\main\code\momoandroid\momoandroid\momoandroid.nativeactivity\arm\debug\ninepatchdrawable.o
d:\dev\momo\main\code\momoandroid\momoandroid\momoandroid.nativeactivity\arm\debug\textboxview.o
d:\dev\momo\main\code\momoandroid\momoandroid\momoandroid.nativeactivity\arm\debug\view.o
d:\dev\momo\main\code\momoandroid\momoandroid\momoandroid.nativeactivity\arm\debug\crc32.o
d:\dev\momo\main\code\momoandroid\momoandroid\momoandroid.nativeactivity\arm\debug\state.o
d:\dev\momo\main\code\momoandroid\momoandroid\momoandroid.nativeactivity\arm\debug\statemachine.o
d:\dev\momo\main\code\momoandroid\momoandroid\momoandroid.nativeactivity\arm\debug\vector.o
d:\dev\momo\main\code\momoandroid\momoandroid\momoandroid.nativeactivity\arm\debug\android_native_app_glue.o
d:\dev\momo\main\code\momoandroid\momoandroid\momoandroid.nativeactivity\arm\debug\main.o
d:\dev\momo\main\code\momoandroid\momoandroid\momoandroid.nativeactivity\arm\debug\momoandr.d6bc5b06.tlog\clang-ld.read.1.tlog
d:\dev\momo\main\code\momoandroid\momoandroid\momoandroid.nativeactivity\arm\debug\momoandr.d6bc5b06.tlog\clang-ld.write.1.tlog
d:\dev\momo\main\code\momoandroid\momoandroid\momoandroid.nativeactivity\arm\debug\momoandr.d6bc5b06.tlog\clang.10004.delete.1.tlog
d:\dev\momo\main\code\momoandroid\momoandroid\momoandroid.nativeactivity\arm\debug\momoandr.d6bc5b06.tlog\clang.10004.write.1.tlog
d:\dev\momo\main\code\momoandroid\momoandroid\momoandroid.nativeactivity\arm\debug\momoandr.d6bc5b06.tlog\clang.10016.delete.1.tlog
d:\dev\momo\main\code\momoandroid\momoandroid\momoandroid.nativeactivity\arm\debug\momoandr.d6bc5b06.tlog\clang.10024.delete.1.tlog
d:\dev\momo\main\code\momoandroid\momoandroid\momoandroid.nativeactivity\arm\debug\momoandr.d6bc5b06.tlog\clang.10060.delete.1.tlog
d:\dev\momo\main\code\momoandroid\momoandroid\momoandroid.nativeactivity\arm\debug\momoandr.d6bc5b06.tlog\clang.10136.delete.1.tlog
d:\dev\momo\main\code\momoandroid\momoandroid\momoandroid.nativeactivity\arm\debug\momoandr.d6bc5b06.tlog\clang.1468.delete.1.tlog
d:\dev\momo\main\code\momoandroid\momoandroid\momoandroid.nativeactivity\arm\debug\momoandr.d6bc5b06.tlog\clang.1812.delete.1.tlog
d:\dev\momo\main\code\momoandroid\momoandroid\momoandroid.nativeactivity\arm\debug\momoandr.d6bc5b06.tlog\clang.2876.delete.1.tlog
d:\dev\momo\main\code\momoandroid\momoandroid\momoandroid.nativeactivity\arm\debug\momoandr.d6bc5b06.tlog\clang.2984.delete.1.tlog
d:\dev\momo\main\code\momoandroid\momoandroid\momoandroid.nativeactivity\arm\debug\momoandr.d6bc5b06.tlog\clang.3192.delete.1.tlog
d:\dev\momo\main\code\momoandroid\momoandroid\momoandroid.nativeactivity\arm\debug\momoandr.d6bc5b06.tlog\clang.3688.delete.1.tlog
d:\dev\momo\main\code\momoandroid\momoandroid\momoandroid.nativeactivity\arm\debug\momoandr.d6bc5b06.tlog\clang.4336.delete.1.tlog
d:\dev\momo\main\code\momoandroid\momoandroid\momoandroid.nativeactivity\arm\debug\momoandr.d6bc5b06.tlog\clang.4400.delete.1.tlog
d:\dev\momo\main\code\momoandroid\momoandroid\momoandroid.nativeactivity\arm\debug\momoandr.d6bc5b06.tlog\clang.4864.delete.1.tlog
d:\dev\momo\main\code\momoandroid\momoandroid\momoandroid.nativeactivity\arm\debug\momoandr.d6bc5b06.tlog\clang.5292.delete.1.tlog
d:\dev\momo\main\code\momoandroid\momoandroid\momoandroid.nativeactivity\arm\debug\momoandr.d6bc5b06.tlog\clang.5568.delete.1.tlog
d:\dev\momo\main\code\momoandroid\momoandroid\momoandroid.nativeactivity\arm\debug\momoandr.d6bc5b06.tlog\clang.5612.delete.1.tlog
d:\dev\momo\main\code\momoandroid\momoandroid\momoandroid.nativeactivity\arm\debug\momoandr.d6bc5b06.tlog\clang.5688.delete.1.tlog
d:\dev\momo\main\code\momoandroid\momoandroid\momoandroid.nativeactivity\arm\debug\momoandr.d6bc5b06.tlog\clang.6300.delete.1.tlog
d:\dev\momo\main\code\momoandroid\momoandroid\momoandroid.nativeactivity\arm\debug\momoandr.d6bc5b06.tlog\clang.6548.delete.1.tlog
d:\dev\momo\main\code\momoandroid\momoandroid\momoandroid.nativeactivity\arm\debug\momoandr.d6bc5b06.tlog\clang.6584.delete.1.tlog
d:\dev\momo\main\code\momoandroid\momoandroid\momoandroid.nativeactivity\arm\debug\momoandr.d6bc5b06.tlog\clang.7052.delete.1.tlog
d:\dev\momo\main\code\momoandroid\momoandroid\momoandroid.nativeactivity\arm\debug\momoandr.d6bc5b06.tlog\clang.7068.delete.1.tlog
d:\dev\momo\main\code\momoandroid\momoandroid\momoandroid.nativeactivity\arm\debug\momoandr.d6bc5b06.tlog\clang.7320.delete.1.tlog
d:\dev\momo\main\code\momoandroid\momoandroid\momoandroid.nativeactivity\arm\debug\momoandr.d6bc5b06.tlog\clang.7456.delete.1.tlog
d:\dev\momo\main\code\momoandroid\momoandroid\momoandroid.nativeactivity\arm\debug\momoandr.d6bc5b06.tlog\clang.8160.delete.1.tlog
d:\dev\momo\main\code\momoandroid\momoandroid\momoandroid.nativeactivity\arm\debug\momoandr.d6bc5b06.tlog\clang.828.delete.1.tlog
d:\dev\momo\main\code\momoandroid\momoandroid\momoandroid.nativeactivity\arm\debug\momoandr.d6bc5b06.tlog\clang.9284.delete.1.tlog
d:\dev\momo\main\code\momoandroid\momoandroid\momoandroid.nativeactivity\arm\debug\momoandr.d6bc5b06.tlog\clang.9296.delete.1.tlog
d:\dev\momo\main\code\momoandroid\momoandroid\momoandroid.nativeactivity\arm\debug\momoandr.d6bc5b06.tlog\clang.9392.delete.1.tlog
d:\dev\momo\main\code\momoandroid\momoandroid\momoandroid.nativeactivity\arm\debug\momoandr.d6bc5b06.tlog\clang.9424.delete.1.tlog
d:\dev\momo\main\code\momoandroid\momoandroid\momoandroid.nativeactivity\arm\debug\momoandr.d6bc5b06.tlog\clang.9436.delete.1.tlog
d:\dev\momo\main\code\momoandroid\momoandroid\momoandroid.nativeactivity\arm\debug\momoandr.d6bc5b06.tlog\clang.9448.delete.1.tlog
d:\dev\momo\main\code\momoandroid\momoandroid\momoandroid.nativeactivity\arm\debug\momoandr.d6bc5b06.tlog\clang.9480.delete.1.tlog
d:\dev\momo\main\code\momoandroid\momoandroid\momoandroid.nativeactivity\arm\debug\momoandr.d6bc5b06.tlog\clang.952.delete.1.tlog
d:\dev\momo\main\code\momoandroid\momoandroid\momoandroid.nativeactivity\arm\debug\momoandr.d6bc5b06.tlog\clang.964.delete.1.tlog
d:\dev\momo\main\code\momoandroid\momoandroid\momoandroid.nativeactivity\arm\debug\momoandr.d6bc5b06.tlog\clang.9676.delete.1.tlog
d:\dev\momo\main\code\momoandroid\momoandroid\momoandroid.nativeactivity\arm\debug\momoandr.d6bc5b06.tlog\clang.9776.delete.1.tlog
d:\dev\momo\main\code\momoandroid\momoandroid\momoandroid.nativeactivity\arm\debug\momoandr.d6bc5b06.tlog\clang.9892.delete.1.tlog
d:\dev\momo\main\code\momoandroid\momoandroid\momoandroid.nativeactivity\arm\debug\momoandr.d6bc5b06.tlog\clang.command.1.tlog
d:\dev\momo\main\code\momoandroid\momoandroid\momoandroid.nativeactivity\arm\debug\momoandr.d6bc5b06.tlog\clang.read.1.tlog
