d:\dev\momo\main\code\momoandroid\momoandroid\momoandroid.nativeactivity\arm\release\logger.o
d:\dev\momo\main\code\momoandroid\momoandroid\momoandroid.nativeactivity\arm\release\applicationtimer.o
d:\dev\momo\main\code\momoandroid\momoandroid\momoandroid.nativeactivity\arm\release\testview.o
d:\dev\momo\main\code\momoandroid\momoandroid\momoandroid.nativeactivity\arm\release\character.o
d:\dev\momo\main\code\momoandroid\momoandroid\momoandroid.nativeactivity\arm\release\pch.h.gch
d:\dev\momo\main\code\momoandroid\momoandroid\momoandroid.nativeactivity\arm\release\game.o
d:\dev\momo\main\code\momoandroid\momoandroid\momoandroid.nativeactivity\arm\release\mushroomcallback.o
d:\dev\momo\main\code\momoandroid\momoandroid\momoandroid.nativeactivity\arm\release\tests.o
d:\dev\momo\main\code\momoandroid\momoandroid\momoandroid.nativeactivity\arm\release\assertbreak.o
d:\dev\momo\main\code\momoandroid\momoandroid\momoandroid.nativeactivity\arm\release\gamebase.o
d:\dev\momo\main\code\momoandroid\momoandroid\momoandroid.nativeactivity\arm\release\gametime.o
d:\dev\momo\main\code\momoandroid\momoandroid\momoandroid.nativeactivity\arm\release\linebatch.o
d:\dev\momo\main\code\momoandroid\momoandroid\momoandroid.nativeactivity\arm\release\program.o
d:\dev\momo\main\code\momoandroid\momoandroid\momoandroid.nativeactivity\arm\release\spritebatch.o
d:\dev\momo\main\code\momoandroid\momoandroid\momoandroid.nativeactivity\arm\release\targa.o
d:\dev\momo\main\code\momoandroid\momoandroid\momoandroid.nativeactivity\arm\release\texture.o
d:\dev\momo\main\code\momoandroid\momoandroid\momoandroid.nativeactivity\arm\release\idstring.o
d:\dev\momo\main\code\momoandroid\momoandroid\momoandroid.nativeactivity\arm\release\inputqueue.o
d:\dev\momo\main\code\momoandroid\momoandroid\momoandroid.nativeactivity\arm\release\touchhandler.android.o
d:\dev\momo\main\code\momoandroid\momoandroid\momoandroid.nativeactivity\arm\release\file.android.o
d:\dev\momo\main\code\momoandroid\momoandroid\momoandroid.nativeactivity\arm\release\file.win32.o
d:\dev\momo\main\code\momoandroid\momoandroid\momoandroid.nativeactivity\arm\release\fileinmemory.o
d:\dev\momo\main\code\momoandroid\momoandroid\momoandroid.nativeactivity\arm\release\defaultheap.o
d:\dev\momo\main\code\momoandroid\momoandroid\momoandroid.nativeactivity\arm\release\memorytests.o
d:\dev\momo\main\code\momoandroid\momoandroid\momoandroid.nativeactivity\arm\release\stackheap.o
d:\dev\momo\main\code\momoandroid\momoandroid\momoandroid.nativeactivity\arm\release\font.o
d:\dev\momo\main\code\momoandroid\momoandroid\momoandroid.nativeactivity\arm\release\fontloader.o
d:\dev\momo\main\code\momoandroid\momoandroid\momoandroid.nativeactivity\arm\release\textwrapper.o
d:\dev\momo\main\code\momoandroid\momoandroid\momoandroid.nativeactivity\arm\release\buttonview.o
d:\dev\momo\main\code\momoandroid\momoandroid\momoandroid.nativeactivity\arm\release\imagedrawable.o
d:\dev\momo\main\code\momoandroid\momoandroid\momoandroid.nativeactivity\arm\release\ninepatchdrawable.o
d:\dev\momo\main\code\momoandroid\momoandroid\momoandroid.nativeactivity\arm\release\textboxview.o
d:\dev\momo\main\code\momoandroid\momoandroid\momoandroid.nativeactivity\arm\release\view.o
d:\dev\momo\main\code\momoandroid\momoandroid\momoandroid.nativeactivity\arm\release\crc32.o
d:\dev\momo\main\code\momoandroid\momoandroid\momoandroid.nativeactivity\arm\release\state.o
d:\dev\momo\main\code\momoandroid\momoandroid\momoandroid.nativeactivity\arm\release\statemachine.o
d:\dev\momo\main\code\momoandroid\momoandroid\momoandroid.nativeactivity\arm\release\vector.o
d:\dev\momo\main\code\momoandroid\momoandroid\momoandroid.nativeactivity\arm\release\android_native_app_glue.o
d:\dev\momo\main\code\momoandroid\momoandroid\momoandroid.nativeactivity\arm\release\main.o
d:\dev\momo\main\code\momoandroid\momoandroid\momoandroid.nativeactivity\arm\release\libmomoandroid.so
d:\dev\momo\main\code\momoandroid\arm\release\libmomoandroid.so.recipe
d:\dev\momo\main\code\momoandroid\arm\release\libmomoandroid.so
d:\dev\momo\main\code\momoandroid\momoandroid\momoandroid.nativeactivity\arm\release\momoandr.d6bc5b06.tlog\clang.1016.delete.1.tlog
d:\dev\momo\main\code\momoandroid\momoandroid\momoandroid.nativeactivity\arm\release\momoandr.d6bc5b06.tlog\clang.1016.write.1.tlog
d:\dev\momo\main\code\momoandroid\momoandroid\momoandroid.nativeactivity\arm\release\momoandr.d6bc5b06.tlog\clang.1996.delete.1.tlog
d:\dev\momo\main\code\momoandroid\momoandroid\momoandroid.nativeactivity\arm\release\momoandr.d6bc5b06.tlog\clang.2124.delete.1.tlog
d:\dev\momo\main\code\momoandroid\momoandroid\momoandroid.nativeactivity\arm\release\momoandr.d6bc5b06.tlog\clang.248.delete.1.tlog
d:\dev\momo\main\code\momoandroid\momoandroid\momoandroid.nativeactivity\arm\release\momoandr.d6bc5b06.tlog\clang.3716.delete.1.tlog
d:\dev\momo\main\code\momoandroid\momoandroid\momoandroid.nativeactivity\arm\release\momoandr.d6bc5b06.tlog\clang.3816.delete.1.tlog
d:\dev\momo\main\code\momoandroid\momoandroid\momoandroid.nativeactivity\arm\release\momoandr.d6bc5b06.tlog\clang.3908.delete.1.tlog
d:\dev\momo\main\code\momoandroid\momoandroid\momoandroid.nativeactivity\arm\release\momoandr.d6bc5b06.tlog\clang.3984.delete.1.tlog
d:\dev\momo\main\code\momoandroid\momoandroid\momoandroid.nativeactivity\arm\release\momoandr.d6bc5b06.tlog\clang.4304.delete.1.tlog
d:\dev\momo\main\code\momoandroid\momoandroid\momoandroid.nativeactivity\arm\release\momoandr.d6bc5b06.tlog\clang.4424.delete.1.tlog
d:\dev\momo\main\code\momoandroid\momoandroid\momoandroid.nativeactivity\arm\release\momoandr.d6bc5b06.tlog\clang.4480.delete.1.tlog
d:\dev\momo\main\code\momoandroid\momoandroid\momoandroid.nativeactivity\arm\release\momoandr.d6bc5b06.tlog\clang.4860.delete.1.tlog
d:\dev\momo\main\code\momoandroid\momoandroid\momoandroid.nativeactivity\arm\release\momoandr.d6bc5b06.tlog\clang.5092.delete.1.tlog
d:\dev\momo\main\code\momoandroid\momoandroid\momoandroid.nativeactivity\arm\release\momoandr.d6bc5b06.tlog\clang.5440.delete.1.tlog
d:\dev\momo\main\code\momoandroid\momoandroid\momoandroid.nativeactivity\arm\release\momoandr.d6bc5b06.tlog\clang.5536.delete.1.tlog
d:\dev\momo\main\code\momoandroid\momoandroid\momoandroid.nativeactivity\arm\release\momoandr.d6bc5b06.tlog\clang.5660.delete.1.tlog
d:\dev\momo\main\code\momoandroid\momoandroid\momoandroid.nativeactivity\arm\release\momoandr.d6bc5b06.tlog\clang.6004.delete.1.tlog
d:\dev\momo\main\code\momoandroid\momoandroid\momoandroid.nativeactivity\arm\release\momoandr.d6bc5b06.tlog\clang.6316.delete.1.tlog
d:\dev\momo\main\code\momoandroid\momoandroid\momoandroid.nativeactivity\arm\release\momoandr.d6bc5b06.tlog\clang.6416.delete.1.tlog
d:\dev\momo\main\code\momoandroid\momoandroid\momoandroid.nativeactivity\arm\release\momoandr.d6bc5b06.tlog\clang.6520.delete.1.tlog
d:\dev\momo\main\code\momoandroid\momoandroid\momoandroid.nativeactivity\arm\release\momoandr.d6bc5b06.tlog\clang.6788.delete.1.tlog
d:\dev\momo\main\code\momoandroid\momoandroid\momoandroid.nativeactivity\arm\release\momoandr.d6bc5b06.tlog\clang.6892.delete.1.tlog
d:\dev\momo\main\code\momoandroid\momoandroid\momoandroid.nativeactivity\arm\release\momoandr.d6bc5b06.tlog\clang.6924.delete.1.tlog
d:\dev\momo\main\code\momoandroid\momoandroid\momoandroid.nativeactivity\arm\release\momoandr.d6bc5b06.tlog\clang.7396.delete.1.tlog
d:\dev\momo\main\code\momoandroid\momoandroid\momoandroid.nativeactivity\arm\release\momoandr.d6bc5b06.tlog\clang.8028.delete.1.tlog
d:\dev\momo\main\code\momoandroid\momoandroid\momoandroid.nativeactivity\arm\release\momoandr.d6bc5b06.tlog\clang.8088.delete.1.tlog
d:\dev\momo\main\code\momoandroid\momoandroid\momoandroid.nativeactivity\arm\release\momoandr.d6bc5b06.tlog\clang.836.delete.1.tlog
d:\dev\momo\main\code\momoandroid\momoandroid\momoandroid.nativeactivity\arm\release\momoandr.d6bc5b06.tlog\clang.8568.delete.1.tlog
d:\dev\momo\main\code\momoandroid\momoandroid\momoandroid.nativeactivity\arm\release\momoandr.d6bc5b06.tlog\clang.8672.delete.1.tlog
d:\dev\momo\main\code\momoandroid\momoandroid\momoandroid.nativeactivity\arm\release\momoandr.d6bc5b06.tlog\clang.9056.delete.1.tlog
d:\dev\momo\main\code\momoandroid\momoandroid\momoandroid.nativeactivity\arm\release\momoandr.d6bc5b06.tlog\clang.9108.delete.1.tlog
d:\dev\momo\main\code\momoandroid\momoandroid\momoandroid.nativeactivity\arm\release\momoandr.d6bc5b06.tlog\clang.command.1.tlog
d:\dev\momo\main\code\momoandroid\momoandroid\momoandroid.nativeactivity\arm\release\momoandr.d6bc5b06.tlog\clang.read.1.tlog
d:\dev\momo\main\code\momoandroid\momoandroid\momoandroid.nativeactivity\arm\release\momoandr.d6bc5b06.tlog\momoandroid.nativeactivity.write.1u.tlog
